

 MVSTABLE 2.0 (15 March 2000)     Copyright John P. Nolan (jpnolan@american.edu)
       Run time:  4/19/2023        14:33:06.47                                   


 Bivariate stable pdf using mvpdf1
  Spectral measure read from file: 
 params.txt                                                      

      alpha=  1.20

      Discrete symmetric spectral measure: 

           theta          s       point mass
       1   0.000   ( 1.000, 0.000)     1.0000    
       2  90.000   ( 0.000, 1.000)     1.0000    

      shift vector=      0.0000         0.0000    
      x grid     0.0000     to      3.0000     step      1.0000    
      y grid     0.0000     to      3.0000     step      1.0000    
      symtrc=       T


               x                   y              p(x,y)
       0.0000000           0.0000000          0.89652372E-01
       0.0000000           1.0000000          0.54184663E-01
       0.0000000           2.0000000          0.21534324E-01
       0.0000000           3.0000000          0.96741297E-02
       1.0000000           0.0000000          0.54184663E-01
       1.0000000           1.0000000          0.32748466E-01
       1.0000000           2.0000000          0.13015050E-01
       1.0000000           3.0000000          0.58469111E-02
       2.0000000           0.0000000          0.21534324E-01
       2.0000000           1.0000000          0.13015050E-01
       2.0000000           2.0000000          0.51725026E-02
       2.0000000           3.0000000          0.23237070E-02
       3.0000000           0.0000000          0.96741297E-02
       3.0000000           1.0000000          0.58469111E-02
       3.0000000           2.0000000          0.23237070E-02
       3.0000000           3.0000000          0.10439075E-02
   4/19/2023        14:33:15.59   


 Bivariate stable pdf using mvpdf1
  Spectral measure read from file: 
 params1.txt                                                     

      alpha=  1.30

      Discrete symmetric spectral measure: 

           theta          s       point mass
       1   0.000   ( 1.000, 0.000)    0.25000    
       2  60.000   ( 0.500, 0.866)    0.12500    
       3 120.000   (-0.500, 0.866)    0.25000    
       4 180.000   (-1.000, 0.000)    0.25000    
       5 240.000   (-0.500,-0.866)    0.12500    
       6 300.000   ( 0.500,-0.866)    0.25000    

      shift vector=      0.0000         0.0000    
